EVENT 0x7E95601A94C5804ABC1E40634AA8067E9C68FA6E7B39F2A02C83C9ED193CBBE9
INDEDX 0 SIZE 0
SUMMING
EVENT 0x79C9D743AE66E7F8E9D9763EFDA9352F87068019EF15DF76CE5237E8781235CB
INDEDX 0 SIZE 0
SUMMING
EVENT 0xEC93A0789145EF50C1806069DB710C82D3E56C132FC00D246A35004CA88F215D
INDEDX 0 SIZE 0
SUMMING
EVENT 0x7437838519DA330350904E3C39B1EFB1F37355A5FCFFE33562C630327139BC36
INDEDX 1 SIZE 0
EVENT 0x2FB1458CA97580CB3DCD883681E0ECDFAFA68EAA716E56DFCB1050AF3F0ABD99
INDEDX 1 SIZE 1
SUMMING
EVENT 0xA725BB7B3EC1851EF5FE86447405322AD00AAE6B359660CCFAA7D2F165D529DE
INDEDX 2 SIZE 0
EVENT 0x3F6AD6F6B1993794C97097A94989104AAA8ED749A06B94DCAD41CD8A1C1EF282
INDEDX 1 SIZE 0
EVENT 0xB2D1D380636BB547D922C04F9BEF063FD18A694E849F48B3B4672107DF6173D8
INDEDX 2 SIZE 0
EVENT 0xC9145508B5F946718128E64506CB91D8C8FD7D3FF07FFF70B8E8923F8FF7998C
INDEDX 3 SIZE 1
SUMMING
EVENT 0x4DADEC41A02369ED6E1E56AAF7C9FA7DCA7321D4D2BC4C6E7300520762656F61
INDEDX 2 SIZE 0
EVENT 0x42C6E7445C4BDF2E7B05F20FF0A7EA78C73ADCA7AABD0D0611410DCF09ADE06B
INDEDX 3 SIZE 0
EVENT 0x0F4625A93430DAE1BC89B5D7FE3A3EE08A24D63598832A74DB1C63670D33780D
INDEDX 4 SIZE 0
EVENT 0x25BC8AA2E0B86CD09D96DDB4E648DA69000F23C9036D3A9F8A92214B710A12E2
INDEDX 3 SIZE 0
EVENT 0x1B7ABFAD2984A3DCE0C6BA2DD3AD40BD73E2269B754E884108060F804AC04EC8
INDEDX 4 SIZE 0
EVENT 0x44D803DF7971459EE2C5D806897CBA106B43EDC8455F7923FA8906FD72937477
INDEDX 4 SIZE 0
EVENT 0xF6CF9CBC8AA97828A2ACD532597A117AE36D0FF25462E52C6486C9E8E0029FDA
INDEDX 5 SIZE 1
SUMMING
EVENT 0x3CB81C61FA3BB401E385BFD7174CDF2369B78F7C95DEE5189601D4C214B7E8A9
INDEDX 5 SIZE 0
EVENT 0xF5AA217216191D9078F520351113052AC25F66BAEE06AD2F016F8FA265F426AC
INDEDX 6 SIZE 0
EVENT 0xD12970BCB23E390B7DBD5E9ACFD353AFE239E104B6B3A59ADFB457430460C3E5
INDEDX 5 SIZE 0
EVENT 0x997A031DE38B7E3F1BA5329F815677D224B8DBDE91A0EC471D20607D40E9DC65
INDEDX 6 SIZE 1
SUMMING
EVENT 0x7DF684D2E92DB35C8592BF880C0FFFFEAE4E88A740E03A091A82C43F975847BE
INDEDX 6 SIZE 0
EVENT 0x4DDA5EAA4177FB16BF1FE570F45DE8EAA34AA1E42A3733E650395E3D48F3680E
INDEDX 7 SIZE 1
SUMMING
EVENT 0xF34D0DCE9D23958E3DF211C6005C4D9883D943A943AE6D5FC5088D0C1E8B3946
INDEDX 7 SIZE 0
EVENT 0xC9EEB6F323E274EB3C012BBD78B18C8599798CC55957667060B383D05A3FAABA
INDEDX 8 SIZE 0
EVENT 0x6E04FA1B302924867EF7876ECD183D70D43DE0AEC03142E0822109BE119BF4F0
INDEDX 7 SIZE 0
EVENT 0x4EB252FBA5B2CA5604129BFFA806CFB2AC2F5FD565DE247838DE44986FC59CDA
INDEDX 8 SIZE 0
EVENT 0x1474243A039381EDB8158F6B03D1C41662430E2AEBEA0DB4960983ADA423519B
INDEDX 8 SIZE 0
EVENT 0x5D26D89F4A3C168E8D81B2A1D43D38FE6E117020C29DF0CA8FDC29BF55DDED9A
INDEDX 9 SIZE 0
EVENT 0xCE1E6C04C9CD8E7FBCA329B9E0F93BC08D82BDEAEC69DD57D8D92783450D330E
INDEDX 9 SIZE 0
EVENT 0xC2843349E9396F5D805E1C88A0688159AB4B0705CF7BBC13D20268612C7430D8
INDEDX 10 SIZE 0
EVENT 0x699832467FD9557684F3F65F22E46D5B48A3ED2FBEE2F42492F624CE4A34D963
INDEDX 9 SIZE 0
ROUND PASSED poset.pendingRound{Index:0, Decided:true}
FRAME 0 3 0
ROUND PASSED poset.pendingRound{Index:1, Decided:true}
CONSENSUS EVENT 0x3F6AD6F6B1993794C97097A94989104AAA8ED749A06B94DCAD41CD8A1C1EF282CONSENSUS EVENT 0x7E95601A94C5804ABC1E40634AA8067E9C68FA6E7B39F2A02C83C9ED193CBBE9CONSENSUS EVENT 0x79C9D743AE66E7F8E9D9763EFDA9352F87068019EF15DF76CE5237E8781235CBCONSENSUS EVENT 0x2FB1458CA97580CB3DCD883681E0ECDFAFA68EAA716E56DFCB1050AF3F0ABD99CONSENSUS EVENT 0xEC93A0789145EF50C1806069DB710C82D3E56C132FC00D246A35004CA88F215DCONSENSUS EVENT 0x7437838519DA330350904E3C39B1EFB1F37355A5FCFFE33562C630327139BC36CONSENSUS EVENT 0xA725BB7B3EC1851EF5FE86447405322AD00AAE6B359660CCFAA7D2F165D529DEFRAME 1 3 7
BEFORE RESTING
EVENT 0x7E95601A94C5804ABC1E40634AA8067E9C68FA6E7B39F2A02C83C9ED193CBBE9
INDEDX 0 SIZE 0
RESTING
EVENT 0x79C9D743AE66E7F8E9D9763EFDA9352F87068019EF15DF76CE5237E8781235CB
INDEDX 0 SIZE 0
RESTING
EVENT 0xEC93A0789145EF50C1806069DB710C82D3E56C132FC00D246A35004CA88F215D
INDEDX 0 SIZE 0
RESTING
EVENT 0x7437838519DA330350904E3C39B1EFB1F37355A5FCFFE33562C630327139BC36
INDEDX 1 SIZE 0
EVENT 0x2FB1458CA97580CB3DCD883681E0ECDFAFA68EAA716E56DFCB1050AF3F0ABD99
INDEDX 1 SIZE 1
RESTING
EVENT 0xA725BB7B3EC1851EF5FE86447405322AD00AAE6B359660CCFAA7D2F165D529DE
INDEDX 2 SIZE 0
EVENT 0x3F6AD6F6B1993794C97097A94989104AAA8ED749A06B94DCAD41CD8A1C1EF282
INDEDX 1 SIZE 0
ROUND PASSED poset.pendingRound{Index:2, Decided:true}
CONSENSUS EVENT 0x1B7ABFAD2984A3DCE0C6BA2DD3AD40BD73E2269B754E884108060F804AC04EC8CONSENSUS EVENT 0xC9145508B5F946718128E64506CB91D8C8FD7D3FF07FFF70B8E8923F8FF7998CCONSENSUS EVENT 0xB2D1D380636BB547D922C04F9BEF063FD18A694E849F48B3B4672107DF6173D8CONSENSUS EVENT 0x0F4625A93430DAE1BC89B5D7FE3A3EE08A24D63598832A74DB1C63670D33780DCONSENSUS EVENT 0x44D803DF7971459EE2C5D806897CBA106B43EDC8455F7923FA8906FD72937477CONSENSUS EVENT 0x4DADEC41A02369ED6E1E56AAF7C9FA7DCA7321D4D2BC4C6E7300520762656F61CONSENSUS EVENT 0x42C6E7445C4BDF2E7B05F20FF0A7EA78C73ADCA7AABD0D0611410DCF09ADE06BCONSENSUS EVENT 0x25BC8AA2E0B86CD09D96DDB4E648DA69000F23C9036D3A9F8A92214B710A12E2CONSENSUS EVENT 0xF6CF9CBC8AA97828A2ACD532597A117AE36D0FF25462E52C6486C9E8E0029FDAFRAME 2 3 9
BEFORE RESTING
EVENT 0xB2D1D380636BB547D922C04F9BEF063FD18A694E849F48B3B4672107DF6173D8
INDEDX 2 SIZE 0
EVENT 0xC9145508B5F946718128E64506CB91D8C8FD7D3FF07FFF70B8E8923F8FF7998C
INDEDX 3 SIZE 1
RESTING
EVENT 0x4DADEC41A02369ED6E1E56AAF7C9FA7DCA7321D4D2BC4C6E7300520762656F61
INDEDX 2 SIZE 0
EVENT 0x42C6E7445C4BDF2E7B05F20FF0A7EA78C73ADCA7AABD0D0611410DCF09ADE06B
INDEDX 3 SIZE 0
EVENT 0x0F4625A93430DAE1BC89B5D7FE3A3EE08A24D63598832A74DB1C63670D33780D
INDEDX 4 SIZE 0
EVENT 0x25BC8AA2E0B86CD09D96DDB4E648DA69000F23C9036D3A9F8A92214B710A12E2
INDEDX 3 SIZE 0
EVENT 0x1B7ABFAD2984A3DCE0C6BA2DD3AD40BD73E2269B754E884108060F804AC04EC8
INDEDX 4 SIZE 0
EVENT 0x44D803DF7971459EE2C5D806897CBA106B43EDC8455F7923FA8906FD72937477
INDEDX 4 SIZE 0
EVENT 0xF6CF9CBC8AA97828A2ACD532597A117AE36D0FF25462E52C6486C9E8E0029FDA
INDEDX 5 SIZE 1
RESTING
--- FAIL: TestProcessDecidedRounds (0.01s)
    test_logger.go:26: time="2018-11-02T13:00:07-04:00" level=debug msg=checkSelfParent creator=0x0416DDDFA0A08C6F51B55DEAE0D2077AC2D929D7A2EA968B0F7D4149E65C31F8BA45B8B4095C5CDFD15B0ADE484D3E6A7E9B3E16D30EA83C7732307651A025AB99 creatorLastKnown=Root1641079004 event=0x7E95601A94C5804ABC1E40634AA8067E9C68FA6E7B39F2A02C83C9ED193CBBE9 id=test selfParent=Root1641079004
    test_logger.go:26: time="2018-11-02T13:00:07-04:00" level=debug msg=checkSelfParent creator=0x047A6B70790DA01DEAD19104AD5C255301336DB6424208CA441A80AB92E8F634F11C2EDDCA80B63CC48098CAC35ADB1FD46AEFE07789891FCAD45C9B5E18E027E8 creatorLastKnown=Root2402246066 event=0x79C9D743AE66E7F8E9D9763EFDA9352F87068019EF15DF76CE5237E8781235CB id=test selfParent=Root2402246066
    test_logger.go:26: time="2018-11-02T13:00:07-04:00" level=debug msg=checkSelfParent creator=0x0401383A35DAB6785BC81B557E2F929275FE25C916DEA6881EF42E8491F7291A2D034B2EFE556D7EE8EFFF4C367FB4E34F5648894F077C5284ABB35B77D2C57722 creatorLastKnown=Root2943524312 event=0xEC93A0789145EF50C1806069DB710C82D3E56C132FC00D246A35004CA88F215D id=test selfParent=Root2943524312
    test_logger.go:26: time="2018-11-02T13:00:07-04:00" level=debug msg=checkSelfParent creator=0x047A6B70790DA01DEAD19104AD5C255301336DB6424208CA441A80AB92E8F634F11C2EDDCA80B63CC48098CAC35ADB1FD46AEFE07789891FCAD45C9B5E18E027E8 creatorLastKnown=0x79C9D743AE66E7F8E9D9763EFDA9352F87068019EF15DF76CE5237E8781235CB event=0x7437838519DA330350904E3C39B1EFB1F37355A5FCFFE33562C630327139BC36 id=test selfParent=0x79C9D743AE66E7F8E9D9763EFDA9352F87068019EF15DF76CE5237E8781235CB
    test_logger.go:26: time="2018-11-02T13:00:07-04:00" level=debug msg=checkSelfParent creator=0x0401383A35DAB6785BC81B557E2F929275FE25C916DEA6881EF42E8491F7291A2D034B2EFE556D7EE8EFFF4C367FB4E34F5648894F077C5284ABB35B77D2C57722 creatorLastKnown=0xEC93A0789145EF50C1806069DB710C82D3E56C132FC00D246A35004CA88F215D event=0x2FB1458CA97580CB3DCD883681E0ECDFAFA68EAA716E56DFCB1050AF3F0ABD99 id=test selfParent=0xEC93A0789145EF50C1806069DB710C82D3E56C132FC00D246A35004CA88F215D
    test_logger.go:26: time="2018-11-02T13:00:07-04:00" level=debug msg=checkSelfParent creator=0x0401383A35DAB6785BC81B557E2F929275FE25C916DEA6881EF42E8491F7291A2D034B2EFE556D7EE8EFFF4C367FB4E34F5648894F077C5284ABB35B77D2C57722 creatorLastKnown=0x2FB1458CA97580CB3DCD883681E0ECDFAFA68EAA716E56DFCB1050AF3F0ABD99 event=0xA725BB7B3EC1851EF5FE86447405322AD00AAE6B359660CCFAA7D2F165D529DE id=test selfParent=0x2FB1458CA97580CB3DCD883681E0ECDFAFA68EAA716E56DFCB1050AF3F0ABD99
    test_logger.go:26: time="2018-11-02T13:00:07-04:00" level=debug msg=checkSelfParent creator=0x0416DDDFA0A08C6F51B55DEAE0D2077AC2D929D7A2EA968B0F7D4149E65C31F8BA45B8B4095C5CDFD15B0ADE484D3E6A7E9B3E16D30EA83C7732307651A025AB99 creatorLastKnown=0x7E95601A94C5804ABC1E40634AA8067E9C68FA6E7B39F2A02C83C9ED193CBBE9 event=0x3F6AD6F6B1993794C97097A94989104AAA8ED749A06B94DCAD41CD8A1C1EF282 id=test selfParent=0x7E95601A94C5804ABC1E40634AA8067E9C68FA6E7B39F2A02C83C9ED193CBBE9
    test_logger.go:26: time="2018-11-02T13:00:07-04:00" level=debug msg=checkSelfParent creator=0x047A6B70790DA01DEAD19104AD5C255301336DB6424208CA441A80AB92E8F634F11C2EDDCA80B63CC48098CAC35ADB1FD46AEFE07789891FCAD45C9B5E18E027E8 creatorLastKnown=0x7437838519DA330350904E3C39B1EFB1F37355A5FCFFE33562C630327139BC36 event=0xB2D1D380636BB547D922C04F9BEF063FD18A694E849F48B3B4672107DF6173D8 id=test selfParent=0x7437838519DA330350904E3C39B1EFB1F37355A5FCFFE33562C630327139BC36
    test_logger.go:26: time="2018-11-02T13:00:07-04:00" level=debug msg=checkSelfParent creator=0x047A6B70790DA01DEAD19104AD5C255301336DB6424208CA441A80AB92E8F634F11C2EDDCA80B63CC48098CAC35ADB1FD46AEFE07789891FCAD45C9B5E18E027E8 creatorLastKnown=0xB2D1D380636BB547D922C04F9BEF063FD18A694E849F48B3B4672107DF6173D8 event=0xC9145508B5F946718128E64506CB91D8C8FD7D3FF07FFF70B8E8923F8FF7998C id=test selfParent=0xB2D1D380636BB547D922C04F9BEF063FD18A694E849F48B3B4672107DF6173D8
    test_logger.go:26: time="2018-11-02T13:00:07-04:00" level=debug msg=checkSelfParent creator=0x0416DDDFA0A08C6F51B55DEAE0D2077AC2D929D7A2EA968B0F7D4149E65C31F8BA45B8B4095C5CDFD15B0ADE484D3E6A7E9B3E16D30EA83C7732307651A025AB99 creatorLastKnown=0x3F6AD6F6B1993794C97097A94989104AAA8ED749A06B94DCAD41CD8A1C1EF282 event=0x4DADEC41A02369ED6E1E56AAF7C9FA7DCA7321D4D2BC4C6E7300520762656F61 id=test selfParent=0x3F6AD6F6B1993794C97097A94989104AAA8ED749A06B94DCAD41CD8A1C1EF282
    test_logger.go:26: time="2018-11-02T13:00:07-04:00" level=debug msg=checkSelfParent creator=0x0401383A35DAB6785BC81B557E2F929275FE25C916DEA6881EF42E8491F7291A2D034B2EFE556D7EE8EFFF4C367FB4E34F5648894F077C5284ABB35B77D2C57722 creatorLastKnown=0xA725BB7B3EC1851EF5FE86447405322AD00AAE6B359660CCFAA7D2F165D529DE event=0x42C6E7445C4BDF2E7B05F20FF0A7EA78C73ADCA7AABD0D0611410DCF09ADE06B id=test selfParent=0xA725BB7B3EC1851EF5FE86447405322AD00AAE6B359660CCFAA7D2F165D529DE
    test_logger.go:26: time="2018-11-02T13:00:07-04:00" level=debug msg=checkSelfParent creator=0x047A6B70790DA01DEAD19104AD5C255301336DB6424208CA441A80AB92E8F634F11C2EDDCA80B63CC48098CAC35ADB1FD46AEFE07789891FCAD45C9B5E18E027E8 creatorLastKnown=0xC9145508B5F946718128E64506CB91D8C8FD7D3FF07FFF70B8E8923F8FF7998C event=0x0F4625A93430DAE1BC89B5D7FE3A3EE08A24D63598832A74DB1C63670D33780D id=test selfParent=0xC9145508B5F946718128E64506CB91D8C8FD7D3FF07FFF70B8E8923F8FF7998C
    test_logger.go:26: time="2018-11-02T13:00:07-04:00" level=debug msg=checkSelfParent creator=0x0416DDDFA0A08C6F51B55DEAE0D2077AC2D929D7A2EA968B0F7D4149E65C31F8BA45B8B4095C5CDFD15B0ADE484D3E6A7E9B3E16D30EA83C7732307651A025AB99 creatorLastKnown=0x4DADEC41A02369ED6E1E56AAF7C9FA7DCA7321D4D2BC4C6E7300520762656F61 event=0x25BC8AA2E0B86CD09D96DDB4E648DA69000F23C9036D3A9F8A92214B710A12E2 id=test selfParent=0x4DADEC41A02369ED6E1E56AAF7C9FA7DCA7321D4D2BC4C6E7300520762656F61
    test_logger.go:26: time="2018-11-02T13:00:07-04:00" level=debug msg=checkSelfParent creator=0x0401383A35DAB6785BC81B557E2F929275FE25C916DEA6881EF42E8491F7291A2D034B2EFE556D7EE8EFFF4C367FB4E34F5648894F077C5284ABB35B77D2C57722 creatorLastKnown=0x42C6E7445C4BDF2E7B05F20FF0A7EA78C73ADCA7AABD0D0611410DCF09ADE06B event=0x1B7ABFAD2984A3DCE0C6BA2DD3AD40BD73E2269B754E884108060F804AC04EC8 id=test selfParent=0x42C6E7445C4BDF2E7B05F20FF0A7EA78C73ADCA7AABD0D0611410DCF09ADE06B
    test_logger.go:26: time="2018-11-02T13:00:07-04:00" level=debug msg=checkSelfParent creator=0x0416DDDFA0A08C6F51B55DEAE0D2077AC2D929D7A2EA968B0F7D4149E65C31F8BA45B8B4095C5CDFD15B0ADE484D3E6A7E9B3E16D30EA83C7732307651A025AB99 creatorLastKnown=0x25BC8AA2E0B86CD09D96DDB4E648DA69000F23C9036D3A9F8A92214B710A12E2 event=0x44D803DF7971459EE2C5D806897CBA106B43EDC8455F7923FA8906FD72937477 id=test selfParent=0x25BC8AA2E0B86CD09D96DDB4E648DA69000F23C9036D3A9F8A92214B710A12E2
    test_logger.go:26: time="2018-11-02T13:00:07-04:00" level=debug msg=checkSelfParent creator=0x0416DDDFA0A08C6F51B55DEAE0D2077AC2D929D7A2EA968B0F7D4149E65C31F8BA45B8B4095C5CDFD15B0ADE484D3E6A7E9B3E16D30EA83C7732307651A025AB99 creatorLastKnown=0x44D803DF7971459EE2C5D806897CBA106B43EDC8455F7923FA8906FD72937477 event=0xF6CF9CBC8AA97828A2ACD532597A117AE36D0FF25462E52C6486C9E8E0029FDA id=test selfParent=0x44D803DF7971459EE2C5D806897CBA106B43EDC8455F7923FA8906FD72937477
    test_logger.go:26: time="2018-11-02T13:00:07-04:00" level=debug msg=checkSelfParent creator=0x047A6B70790DA01DEAD19104AD5C255301336DB6424208CA441A80AB92E8F634F11C2EDDCA80B63CC48098CAC35ADB1FD46AEFE07789891FCAD45C9B5E18E027E8 creatorLastKnown=0x0F4625A93430DAE1BC89B5D7FE3A3EE08A24D63598832A74DB1C63670D33780D event=0x3CB81C61FA3BB401E385BFD7174CDF2369B78F7C95DEE5189601D4C214B7E8A9 id=test selfParent=0x0F4625A93430DAE1BC89B5D7FE3A3EE08A24D63598832A74DB1C63670D33780D
    test_logger.go:26: time="2018-11-02T13:00:07-04:00" level=debug msg=checkSelfParent creator=0x0416DDDFA0A08C6F51B55DEAE0D2077AC2D929D7A2EA968B0F7D4149E65C31F8BA45B8B4095C5CDFD15B0ADE484D3E6A7E9B3E16D30EA83C7732307651A025AB99 creatorLastKnown=0xF6CF9CBC8AA97828A2ACD532597A117AE36D0FF25462E52C6486C9E8E0029FDA event=0xF5AA217216191D9078F520351113052AC25F66BAEE06AD2F016F8FA265F426AC id=test selfParent=0xF6CF9CBC8AA97828A2ACD532597A117AE36D0FF25462E52C6486C9E8E0029FDA
    test_logger.go:26: time="2018-11-02T13:00:07-04:00" level=debug msg=checkSelfParent creator=0x0401383A35DAB6785BC81B557E2F929275FE25C916DEA6881EF42E8491F7291A2D034B2EFE556D7EE8EFFF4C367FB4E34F5648894F077C5284ABB35B77D2C57722 creatorLastKnown=0x1B7ABFAD2984A3DCE0C6BA2DD3AD40BD73E2269B754E884108060F804AC04EC8 event=0xD12970BCB23E390B7DBD5E9ACFD353AFE239E104B6B3A59ADFB457430460C3E5 id=test selfParent=0x1B7ABFAD2984A3DCE0C6BA2DD3AD40BD73E2269B754E884108060F804AC04EC8
    test_logger.go:26: time="2018-11-02T13:00:07-04:00" level=debug msg=checkSelfParent creator=0x047A6B70790DA01DEAD19104AD5C255301336DB6424208CA441A80AB92E8F634F11C2EDDCA80B63CC48098CAC35ADB1FD46AEFE07789891FCAD45C9B5E18E027E8 creatorLastKnown=0x3CB81C61FA3BB401E385BFD7174CDF2369B78F7C95DEE5189601D4C214B7E8A9 event=0x997A031DE38B7E3F1BA5329F815677D224B8DBDE91A0EC471D20607D40E9DC65 id=test selfParent=0x3CB81C61FA3BB401E385BFD7174CDF2369B78F7C95DEE5189601D4C214B7E8A9
    test_logger.go:26: time="2018-11-02T13:00:07-04:00" level=debug msg=checkSelfParent creator=0x0401383A35DAB6785BC81B557E2F929275FE25C916DEA6881EF42E8491F7291A2D034B2EFE556D7EE8EFFF4C367FB4E34F5648894F077C5284ABB35B77D2C57722 creatorLastKnown=0xD12970BCB23E390B7DBD5E9ACFD353AFE239E104B6B3A59ADFB457430460C3E5 event=0x7DF684D2E92DB35C8592BF880C0FFFFEAE4E88A740E03A091A82C43F975847BE id=test selfParent=0xD12970BCB23E390B7DBD5E9ACFD353AFE239E104B6B3A59ADFB457430460C3E5
    test_logger.go:26: time="2018-11-02T13:00:07-04:00" level=debug msg=checkSelfParent creator=0x0416DDDFA0A08C6F51B55DEAE0D2077AC2D929D7A2EA968B0F7D4149E65C31F8BA45B8B4095C5CDFD15B0ADE484D3E6A7E9B3E16D30EA83C7732307651A025AB99 creatorLastKnown=0xF5AA217216191D9078F520351113052AC25F66BAEE06AD2F016F8FA265F426AC event=0x4DDA5EAA4177FB16BF1FE570F45DE8EAA34AA1E42A3733E650395E3D48F3680E id=test selfParent=0xF5AA217216191D9078F520351113052AC25F66BAEE06AD2F016F8FA265F426AC
    test_logger.go:26: time="2018-11-02T13:00:07-04:00" level=debug msg=checkSelfParent creator=0x047A6B70790DA01DEAD19104AD5C255301336DB6424208CA441A80AB92E8F634F11C2EDDCA80B63CC48098CAC35ADB1FD46AEFE07789891FCAD45C9B5E18E027E8 creatorLastKnown=0x997A031DE38B7E3F1BA5329F815677D224B8DBDE91A0EC471D20607D40E9DC65 event=0xF34D0DCE9D23958E3DF211C6005C4D9883D943A943AE6D5FC5088D0C1E8B3946 id=test selfParent=0x997A031DE38B7E3F1BA5329F815677D224B8DBDE91A0EC471D20607D40E9DC65
    test_logger.go:26: time="2018-11-02T13:00:07-04:00" level=debug msg=checkSelfParent creator=0x0416DDDFA0A08C6F51B55DEAE0D2077AC2D929D7A2EA968B0F7D4149E65C31F8BA45B8B4095C5CDFD15B0ADE484D3E6A7E9B3E16D30EA83C7732307651A025AB99 creatorLastKnown=0x4DDA5EAA4177FB16BF1FE570F45DE8EAA34AA1E42A3733E650395E3D48F3680E event=0xC9EEB6F323E274EB3C012BBD78B18C8599798CC55957667060B383D05A3FAABA id=test selfParent=0x4DDA5EAA4177FB16BF1FE570F45DE8EAA34AA1E42A3733E650395E3D48F3680E
    test_logger.go:26: time="2018-11-02T13:00:07-04:00" level=debug msg=checkSelfParent creator=0x0401383A35DAB6785BC81B557E2F929275FE25C916DEA6881EF42E8491F7291A2D034B2EFE556D7EE8EFFF4C367FB4E34F5648894F077C5284ABB35B77D2C57722 creatorLastKnown=0x7DF684D2E92DB35C8592BF880C0FFFFEAE4E88A740E03A091A82C43F975847BE event=0x6E04FA1B302924867EF7876ECD183D70D43DE0AEC03142E0822109BE119BF4F0 id=test selfParent=0x7DF684D2E92DB35C8592BF880C0FFFFEAE4E88A740E03A091A82C43F975847BE
    test_logger.go:26: time="2018-11-02T13:00:07-04:00" level=debug msg=checkSelfParent creator=0x047A6B70790DA01DEAD19104AD5C255301336DB6424208CA441A80AB92E8F634F11C2EDDCA80B63CC48098CAC35ADB1FD46AEFE07789891FCAD45C9B5E18E027E8 creatorLastKnown=0xF34D0DCE9D23958E3DF211C6005C4D9883D943A943AE6D5FC5088D0C1E8B3946 event=0x4EB252FBA5B2CA5604129BFFA806CFB2AC2F5FD565DE247838DE44986FC59CDA id=test selfParent=0xF34D0DCE9D23958E3DF211C6005C4D9883D943A943AE6D5FC5088D0C1E8B3946
    test_logger.go:26: time="2018-11-02T13:00:07-04:00" level=debug msg=checkSelfParent creator=0x0401383A35DAB6785BC81B557E2F929275FE25C916DEA6881EF42E8491F7291A2D034B2EFE556D7EE8EFFF4C367FB4E34F5648894F077C5284ABB35B77D2C57722 creatorLastKnown=0x6E04FA1B302924867EF7876ECD183D70D43DE0AEC03142E0822109BE119BF4F0 event=0x1474243A039381EDB8158F6B03D1C41662430E2AEBEA0DB4960983ADA423519B id=test selfParent=0x6E04FA1B302924867EF7876ECD183D70D43DE0AEC03142E0822109BE119BF4F0
    test_logger.go:26: time="2018-11-02T13:00:07-04:00" level=debug msg=checkSelfParent creator=0x0416DDDFA0A08C6F51B55DEAE0D2077AC2D929D7A2EA968B0F7D4149E65C31F8BA45B8B4095C5CDFD15B0ADE484D3E6A7E9B3E16D30EA83C7732307651A025AB99 creatorLastKnown=0xC9EEB6F323E274EB3C012BBD78B18C8599798CC55957667060B383D05A3FAABA event=0x5D26D89F4A3C168E8D81B2A1D43D38FE6E117020C29DF0CA8FDC29BF55DDED9A id=test selfParent=0xC9EEB6F323E274EB3C012BBD78B18C8599798CC55957667060B383D05A3FAABA
    test_logger.go:26: time="2018-11-02T13:00:07-04:00" level=debug msg=checkSelfParent creator=0x047A6B70790DA01DEAD19104AD5C255301336DB6424208CA441A80AB92E8F634F11C2EDDCA80B63CC48098CAC35ADB1FD46AEFE07789891FCAD45C9B5E18E027E8 creatorLastKnown=0x4EB252FBA5B2CA5604129BFFA806CFB2AC2F5FD565DE247838DE44986FC59CDA event=0xCE1E6C04C9CD8E7FBCA329B9E0F93BC08D82BDEAEC69DD57D8D92783450D330E id=test selfParent=0x4EB252FBA5B2CA5604129BFFA806CFB2AC2F5FD565DE247838DE44986FC59CDA
    test_logger.go:26: time="2018-11-02T13:00:07-04:00" level=debug msg=checkSelfParent creator=0x0416DDDFA0A08C6F51B55DEAE0D2077AC2D929D7A2EA968B0F7D4149E65C31F8BA45B8B4095C5CDFD15B0ADE484D3E6A7E9B3E16D30EA83C7732307651A025AB99 creatorLastKnown=0x5D26D89F4A3C168E8D81B2A1D43D38FE6E117020C29DF0CA8FDC29BF55DDED9A event=0xC2843349E9396F5D805E1C88A0688159AB4B0705CF7BBC13D20268612C7430D8 id=test selfParent=0x5D26D89F4A3C168E8D81B2A1D43D38FE6E117020C29DF0CA8FDC29BF55DDED9A
    test_logger.go:26: time="2018-11-02T13:00:07-04:00" level=debug msg=checkSelfParent creator=0x0401383A35DAB6785BC81B557E2F929275FE25C916DEA6881EF42E8491F7291A2D034B2EFE556D7EE8EFFF4C367FB4E34F5648894F077C5284ABB35B77D2C57722 creatorLastKnown=0x1474243A039381EDB8158F6B03D1C41662430E2AEBEA0DB4960983ADA423519B event=0x699832467FD9557684F3F65F22E46D5B48A3ED2FBEE2F42492F624CE4A34D963 id=test selfParent=0x1474243A039381EDB8158F6B03D1C41662430E2AEBEA0DB4960983ADA423519B
    test_logger.go:26: time="2018-11-02T13:00:07-04:00" level=debug msg="Processing Decided Round" events=0 id=test roots="[{0 {Root1641079004 1641079004 -1 -1 -1} map[]} {0 {Root2402246066 2402246066 -1 -1 -1} map[]} {0 {Root2943524312 2943524312 -1 -1 -1} map[]}]" round_received=0 witnesses="[0x7E95601A94C5804ABC1E40634AA8067E9C68FA6E7B39F2A02C83C9ED193CBBE9 0x79C9D743AE66E7F8E9D9763EFDA9352F87068019EF15DF76CE5237E8781235CB 0xEC93A0789145EF50C1806069DB710C82D3E56C132FC00D246A35004CA88F215D]"
    test_logger.go:26: time="2018-11-02T13:00:07-04:00" level=debug msg="No Events to commit for ConsensusRound 0" id=test
    test_logger.go:26: time="2018-11-02T13:00:07-04:00" level=debug msg="Processing Decided Round" events=7 id=test roots="[{0 {Root1641079004 1641079004 -1 -1 -1} map[]} {0 {Root2402246066 2402246066 -1 -1 -1} map[]} {0 {Root2943524312 2943524312 -1 -1 -1} map[]}]" round_received=1 witnesses="[0x4DADEC41A02369ED6E1E56AAF7C9FA7DCA7321D4D2BC4C6E7300520762656F61 0xB2D1D380636BB547D922C04F9BEF063FD18A694E849F48B3B4672107DF6173D8 0x42C6E7445C4BDF2E7B05F20FF0A7EA78C73ADCA7AABD0D0611410DCF09ADE06B]"
    test_logger.go:26: time="2018-11-02T13:00:07-04:00" level=debug msg="Processing Decided Round" events=9 id=test roots="[{1 {0x3F6AD6F6B1993794C97097A94989104AAA8ED749A06B94DCAD41CD8A1C1EF282 1641079004 1 4 0} map[0x4DADEC41A02369ED6E1E56AAF7C9FA7DCA7321D4D2BC4C6E7300520762656F61:{0xC9145508B5F946718128E64506CB91D8C8FD7D3FF07FFF70B8E8923F8FF7998C 2402246066 3 6 1} 0x25BC8AA2E0B86CD09D96DDB4E648DA69000F23C9036D3A9F8A92214B710A12E2:{0x2FB1458CA97580CB3DCD883681E0ECDFAFA68EAA716E56DFCB1050AF3F0ABD99 2943524312 1 2 0}]} {1 {0x7437838519DA330350904E3C39B1EFB1F37355A5FCFFE33562C630327139BC36 2402246066 1 1 0} map[0xB2D1D380636BB547D922C04F9BEF063FD18A694E849F48B3B4672107DF6173D8:{0x3F6AD6F6B1993794C97097A94989104AAA8ED749A06B94DCAD41CD8A1C1EF282 1641079004 1 4 0}]} {1 {0xA725BB7B3EC1851EF5FE86447405322AD00AAE6B359660CCFAA7D2F165D529DE 2943524312 2 3 0} map[0x42C6E7445C4BDF2E7B05F20FF0A7EA78C73ADCA7AABD0D0611410DCF09ADE06B:{0xC9145508B5F946718128E64506CB91D8C8FD7D3FF07FFF70B8E8923F8FF7998C 2402246066 3 6 1}]}]" round_received=2 witnesses="[0xF5AA217216191D9078F520351113052AC25F66BAEE06AD2F016F8FA265F426AC 0x3CB81C61FA3BB401E385BFD7174CDF2369B78F7C95DEE5189601D4C214B7E8A9 0xD12970BCB23E390B7DBD5E9ACFD353AFE239E104B6B3A59ADFB457430460C3E5]"
    poset_test.go:1434: consensus[0]: e0
    poset_test.go:1434: consensus[1]: e1
    poset_test.go:1434: consensus[2]: e2
    poset_test.go:1434: consensus[3]: e10
    poset_test.go:1434: consensus[4]: e21
    poset_test.go:1434: consensus[5]: e21b
    poset_test.go:1434: consensus[6]: e02
    poset_test.go:1434: consensus[7]: f1
    poset_test.go:1434: consensus[8]: f1b
    poset_test.go:1434: consensus[9]: f0
    poset_test.go:1434: consensus[10]: f2
    poset_test.go:1434: consensus[11]: f10
    poset_test.go:1434: consensus[12]: f0x
    poset_test.go:1434: consensus[13]: f21
    poset_test.go:1434: consensus[14]: f02
    poset_test.go:1434: consensus[15]: f02b
    poset_test.go:1442: PendingLoadedEvents should be 2, not 2
FAIL
FAIL	github.com/andrecronje/lachesis/src/poset	0.029s
